<?xml version="1.0" encoding="UTF-8"?>
<testsuite name="com.quiz.famousquotequizbackend.auth.AuthFlowIntegrationTest" tests="3" skipped="0" failures="0" errors="0" timestamp="2026-08-13T16:28:18.808Z" hostname="Niranjans-MacBook-Pro.local" time="0.952">
  <properties/>
  <testcase name="logout revokes the refresh token()" classname="com.quiz.famousquotequizbackend.auth.AuthFlowIntegrationTest" time="0.298"/>
  <testcase name="rejects an unknown refresh token()" classname="com.quiz.famousquotequizbackend.auth.AuthFlowIntegrationTest" time="0.005"/>
  <testcase name="refresh returns a working access token and rotates the refresh token()" classname="com.quiz.famousquotequizbackend.auth.AuthFlowIntegrationTest" time="0.172"/>
  <system-out><![CDATA[2026-08-13T21:58:18.810+05:30  INFO 51294 --- [famous-quote-quiz-backend] [    Test worker] t.c.s.AnnotationConfigContextLoaderUtils : Could not detect default configuration classes for test class [com.quiz.famousquotequizbackend.auth.AuthFlowIntegrationTest]: AuthFlowIntegrationTest does not declare any static, non-private, non-final, nested classes annotated with @Configuration.
2026-08-13T21:58:18.817+05:30  INFO 51294 --- [famous-quote-quiz-backend] [    Test worker] .b.t.c.SpringBootTestContextBootstrapper : Found @SpringBootConfiguration com.quiz.famousquotequizbackend.FamousQuoteQuizBackendApplication for test class com.quiz.famousquotequizbackend.auth.AuthFlowIntegrationTest
2026-08-13T21:58:18.818+05:30  INFO 51294 --- [famous-quote-quiz-backend] [    Test worker] t.c.s.AnnotationConfigContextLoaderUtils : Could not detect default configuration classes for test class [com.quiz.famousquotequizbackend.auth.AuthFlowIntegrationTest]: AuthFlowIntegrationTest does not declare any static, non-private, non-final, nested classes annotated with @Configuration.
2026-08-13T21:58:18.819+05:30  INFO 51294 --- [famous-quote-quiz-backend] [    Test worker] .b.t.c.SpringBootTestContextBootstrapper : Found @SpringBootConfiguration com.quiz.famousquotequizbackend.FamousQuoteQuizBackendApplication for test class com.quiz.famousquotequizbackend.auth.AuthFlowIntegrationTest

  .   ____          _            __ _ _
 /\\ / ___'_ __ _ _(_)_ __  __ _ \ \ \ \
( ( )\___ | '_ | '_| | '_ \/ _` | \ \ \ \
 \\/  ___)| |_)| | | | | || (_| |  ) ) ) )
  '  |____| .__|_| |_|_| |_\__, | / / / /
 =========|_|==============|___/=/_/_/_/

 :: Spring Boot ::                (v4.1.0)

2026-08-13T21:58:18.834+05:30  INFO 51294 --- [famous-quote-quiz-backend] [    Test worker] c.q.f.auth.AuthFlowIntegrationTest       : Starting AuthFlowIntegrationTest using Java 17.0.20 with PID 51294 (started by niranjan in /Users/niranjan/IdeaProjects/famous-quote-quiz-backend)
2026-08-13T21:58:18.834+05:30  INFO 51294 --- [famous-quote-quiz-backend] [    Test worker] c.q.f.auth.AuthFlowIntegrationTest       : The following 1 profile is active: "test"
2026-08-13T21:58:18.931+05:30  INFO 51294 --- [famous-quote-quiz-backend] [    Test worker] .s.d.r.c.RepositoryConfigurationDelegate : Bootstrapping Spring Data JPA repositories in DEFAULT mode.
2026-08-13T21:58:18.936+05:30  INFO 51294 --- [famous-quote-quiz-backend] [    Test worker] .s.d.r.c.RepositoryConfigurationDelegate : Finished Spring Data repository scanning in 4 ms. Found 4 JPA repository interfaces.
2026-08-13T21:58:18.979+05:30  INFO 51294 --- [famous-quote-quiz-backend] [    Test worker] org.hibernate.orm.jpa                    : HHH008540: Processing PersistenceUnitInfo [name: default]
2026-08-13T21:58:18.989+05:30  INFO 51294 --- [famous-quote-quiz-backend] [    Test worker] o.s.o.j.p.SpringPersistenceUnitInfo      : No LoadTimeWeaver setup: ignoring JPA class transformer
2026-08-13T21:58:18.990+05:30  INFO 51294 --- [famous-quote-quiz-backend] [    Test worker] com.zaxxer.hikari.HikariDataSource       : HikariPool-2 - Starting...
2026-08-13T21:58:18.990+05:30  INFO 51294 --- [famous-quote-quiz-backend] [    Test worker] com.zaxxer.hikari.pool.HikariPool        : HikariPool-2 - Added connection conn10: url=jdbc:h2:mem:quizdb-test user=SA
2026-08-13T21:58:18.991+05:30  INFO 51294 --- [famous-quote-quiz-backend] [    Test worker] com.zaxxer.hikari.HikariDataSource       : HikariPool-2 - Start completed.
2026-08-13T21:58:18.991+05:30  INFO 51294 --- [famous-quote-quiz-backend] [    Test worker] org.hibernate.orm.connections.pooling    : HHH10001005: Database info:
	Database JDBC URL [jdbc:h2:mem:quizdb-test]
	Database driver: H2 JDBC Driver
	Database dialect: H2Dialect
	Database version: 2.4.240
	Default catalog/schema: QUIZDB-TEST/PUBLIC
	Autocommit mode: undefined/unknown
	Isolation level: READ_COMMITTED [default READ_COMMITTED]
	JDBC fetch size: 100
	Pool: DataSourceConnectionProvider
	Minimum pool size: undefined/unknown
	Maximum pool size: undefined/unknown
2026-08-13T21:58:19.024+05:30  INFO 51294 --- [famous-quote-quiz-backend] [    Test worker] org.hibernate.orm.core                   : HHH000489: No JTA platform available (set 'hibernate.transaction.jta.platform' to enable JTA platform integration)
2026-08-13T21:58:19.033+05:30  INFO 51294 --- [famous-quote-quiz-backend] [    Test worker] j.LocalContainerEntityManagerFactoryBean : Initialized JPA EntityManagerFactory for persistence unit 'default'
2026-08-13T21:58:19.162+05:30  INFO 51294 --- [famous-quote-quiz-backend] [    Test worker] o.s.b.h.a.H2ConsoleAutoConfiguration     : H2 console available at '/h2-console'. Database available at 'jdbc:h2:mem:quizdb-test'
2026-08-13T21:58:19.173+05:30  INFO 51294 --- [famous-quote-quiz-backend] [    Test worker] o.s.b.t.m.w.SpringBootMockServletContext : Initializing Spring TestDispatcherServlet ''
2026-08-13T21:58:19.173+05:30  INFO 51294 --- [famous-quote-quiz-backend] [    Test worker] o.s.t.web.servlet.TestDispatcherServlet  : Initializing Servlet ''
2026-08-13T21:58:19.174+05:30  INFO 51294 --- [famous-quote-quiz-backend] [    Test worker] o.s.t.web.servlet.TestDispatcherServlet  : Completed initialization in 0 ms
2026-08-13T21:58:19.188+05:30  INFO 51294 --- [famous-quote-quiz-backend] [    Test worker] c.q.f.auth.AuthFlowIntegrationTest       : Started AuthFlowIntegrationTest in 0.365 seconds (process running for 5.347)
2026-08-13T21:58:19.282+05:30  WARN 51294 --- [famous-quote-quiz-backend] [    Test worker] o.s.core.events.SpringDocAppInitializer  : SpringDoc /v3/api-docs endpoint is enabled by default. To disable it in production, set the property 'springdoc.api-docs.enabled=false'
2026-08-13T21:58:19.282+05:30  WARN 51294 --- [famous-quote-quiz-backend] [    Test worker] o.s.core.events.SpringDocAppInitializer  : SpringDoc /swagger-ui.html endpoint is enabled by default. To disable it in production, set the property 'springdoc.swagger-ui.enabled=false'
]]></system-out>
  <system-err><![CDATA[]]></system-err>
</testsuite>
