<?xml version="1.0" encoding="UTF-8"?>
<testsuite name="com.quiz.famousquotequizbackend.FamousQuoteQuizBackendApplicationTests" tests="1" skipped="0" failures="0" errors="0" timestamp="2026-08-13T16:28:14.389Z" hostname="Niranjans-MacBook-Pro.local" time="4.417">
  <properties/>
  <testcase name="contextLoads()" classname="com.quiz.famousquotequizbackend.FamousQuoteQuizBackendApplicationTests" time="0.675"/>
  <system-out><![CDATA[21:58:14.479 [Test worker] INFO org.springframework.test.context.support.AnnotationConfigContextLoaderUtils -- Could not detect default configuration classes for test class [com.quiz.famousquotequizbackend.FamousQuoteQuizBackendApplicationTests]: FamousQuoteQuizBackendApplicationTests does not declare any static, non-private, non-final, nested classes annotated with @Configuration.
21:58:14.537 [Test worker] INFO org.springframework.boot.test.context.SpringBootTestContextBootstrapper -- Found @SpringBootConfiguration com.quiz.famousquotequizbackend.FamousQuoteQuizBackendApplication for test class com.quiz.famousquotequizbackend.FamousQuoteQuizBackendApplicationTests
21:58:14.578 [Test worker] INFO org.springframework.test.context.support.AnnotationConfigContextLoaderUtils -- Could not detect default configuration classes for test class [com.quiz.famousquotequizbackend.FamousQuoteQuizBackendApplicationTests]: FamousQuoteQuizBackendApplicationTests does not declare any static, non-private, non-final, nested classes annotated with @Configuration.
21:58:14.579 [Test worker] INFO org.springframework.boot.test.context.SpringBootTestContextBootstrapper -- Found @SpringBootConfiguration com.quiz.famousquotequizbackend.FamousQuoteQuizBackendApplication for test class com.quiz.famousquotequizbackend.FamousQuoteQuizBackendApplicationTests

  .   ____          _            __ _ _
 /\\ / ___'_ __ _ _(_)_ __  __ _ \ \ \ \
( ( )\___ | '_ | '_| | '_ \/ _` | \ \ \ \
 \\/  ___)| |_)| | | | | || (_| |  ) ) ) )
  '  |____| .__|_| |_|_| |_\__, | / / / /
 =========|_|==============|___/=/_/_/_/

 :: Spring Boot ::                (v4.1.0)

2026-08-13T21:58:14.734+05:30  INFO 51294 --- [famous-quote-quiz-backend] [    Test worker] f.FamousQuoteQuizBackendApplicationTests : Starting FamousQuoteQuizBackendApplicationTests using Java 17.0.20 with PID 51294 (started by niranjan in /Users/niranjan/IdeaProjects/famous-quote-quiz-backend)
2026-08-13T21:58:14.734+05:30  INFO 51294 --- [famous-quote-quiz-backend] [    Test worker] f.FamousQuoteQuizBackendApplicationTests : The following 1 profile is active: "test"
2026-08-13T21:58:15.341+05:30  INFO 51294 --- [famous-quote-quiz-backend] [    Test worker] .s.d.r.c.RepositoryConfigurationDelegate : Bootstrapping Spring Data JPA repositories in DEFAULT mode.
2026-08-13T21:58:15.372+05:30  INFO 51294 --- [famous-quote-quiz-backend] [    Test worker] .s.d.r.c.RepositoryConfigurationDelegate : Finished Spring Data repository scanning in 26 ms. Found 4 JPA repository interfaces.
2026-08-13T21:58:15.586+05:30  INFO 51294 --- [famous-quote-quiz-backend] [    Test worker] org.hibernate.orm.jpa                    : HHH008540: Processing PersistenceUnitInfo [name: default]
2026-08-13T21:58:15.617+05:30  INFO 51294 --- [famous-quote-quiz-backend] [    Test worker] org.hibernate.orm.core                   : HHH000001: Hibernate ORM core version 7.4.1.Final
2026-08-13T21:58:15.796+05:30  INFO 51294 --- [famous-quote-quiz-backend] [    Test worker] o.s.o.j.p.SpringPersistenceUnitInfo      : No LoadTimeWeaver setup: ignoring JPA class transformer
2026-08-13T21:58:15.812+05:30  INFO 51294 --- [famous-quote-quiz-backend] [    Test worker] com.zaxxer.hikari.HikariDataSource       : HikariPool-1 - Starting...
2026-08-13T21:58:15.892+05:30  INFO 51294 --- [famous-quote-quiz-backend] [    Test worker] com.zaxxer.hikari.pool.HikariPool        : HikariPool-1 - Added connection conn0: url=jdbc:h2:mem:quizdb-test user=SA
2026-08-13T21:58:15.893+05:30  INFO 51294 --- [famous-quote-quiz-backend] [    Test worker] com.zaxxer.hikari.HikariDataSource       : HikariPool-1 - Start completed.
2026-08-13T21:58:15.923+05:30  INFO 51294 --- [famous-quote-quiz-backend] [    Test worker] org.hibernate.orm.connections.pooling    : HHH10001005: Database info:
	Database JDBC URL [jdbc:h2:mem:quizdb-test]
	Database driver: H2 JDBC Driver
	Database dialect: H2Dialect
	Database version: 2.4.240
	Default catalog/schema: QUIZDB-TEST/PUBLIC
	Autocommit mode: undefined/unknown
	Isolation level: READ_COMMITTED [default READ_COMMITTED]
	JDBC fetch size: 100
	Pool: DataSourceConnectionProvider
	Minimum pool size: undefined/unknown
	Maximum pool size: undefined/unknown
2026-08-13T21:58:16.785+05:30  INFO 51294 --- [famous-quote-quiz-backend] [    Test worker] org.hibernate.orm.core                   : HHH000489: No JTA platform available (set 'hibernate.transaction.jta.platform' to enable JTA platform integration)
2026-08-13T21:58:16.826+05:30  INFO 51294 --- [famous-quote-quiz-backend] [    Test worker] j.LocalContainerEntityManagerFactoryBean : Initialized JPA EntityManagerFactory for persistence unit 'default'
2026-08-13T21:58:16.889+05:30  INFO 51294 --- [famous-quote-quiz-backend] [    Test worker] o.s.d.j.r.query.QueryEnhancerFactories   : Hibernate is in classpath; If applicable, HQL parser will be used.
2026-08-13T21:58:17.720+05:30  INFO 51294 --- [famous-quote-quiz-backend] [    Test worker] o.s.b.h.a.H2ConsoleAutoConfiguration     : H2 console available at '/h2-console'. Database available at 'jdbc:h2:mem:quizdb-test'
2026-08-13T21:58:17.772+05:30  INFO 51294 --- [famous-quote-quiz-backend] [    Test worker] f.FamousQuoteQuizBackendApplicationTests : Started FamousQuoteQuizBackendApplicationTests in 3.153 seconds (process running for 3.931)
2026-08-13T21:58:18.125+05:30  WARN 51294 --- [famous-quote-quiz-backend] [    Test worker] o.s.core.events.SpringDocAppInitializer  : SpringDoc /v3/api-docs endpoint is enabled by default. To disable it in production, set the property 'springdoc.api-docs.enabled=false'
2026-08-13T21:58:18.125+05:30  WARN 51294 --- [famous-quote-quiz-backend] [    Test worker] o.s.core.events.SpringDocAppInitializer  : SpringDoc /swagger-ui.html endpoint is enabled by default. To disable it in production, set the property 'springdoc.swagger-ui.enabled=false'
]]></system-out>
  <system-err><![CDATA[]]></system-err>
</testsuite>
