<?xml version="1.0" encoding="UTF-8"?>
<testsuite name="com.quiz.famousquotequizbackend.quiz.QuizFlowIntegrationTest" tests="3" skipped="0" failures="0" errors="0" timestamp="2026-08-13T16:28:19.761Z" hostname="Niranjans-MacBook-Pro.local" time="0.279">
  <properties/>
  <testcase name="rejects requests without a token()" classname="com.quiz.famousquotequizbackend.quiz.QuizFlowIntegrationTest" time="0.003"/>
  <testcase name="multiple choice questions contain three options()" classname="com.quiz.famousquotequizbackend.quiz.QuizFlowIntegrationTest" time="0.107"/>
  <testcase name="plays a full binary session()" classname="com.quiz.famousquotequizbackend.quiz.QuizFlowIntegrationTest" time="0.157"/>
  <system-out><![CDATA[2026-08-13T21:58:19.763+05:30  INFO 51294 --- [famous-quote-quiz-backend] [    Test worker] t.c.s.AnnotationConfigContextLoaderUtils : Could not detect default configuration classes for test class [com.quiz.famousquotequizbackend.quiz.QuizFlowIntegrationTest]: QuizFlowIntegrationTest does not declare any static, non-private, non-final, nested classes annotated with @Configuration.
2026-08-13T21:58:19.768+05:30  INFO 51294 --- [famous-quote-quiz-backend] [    Test worker] .b.t.c.SpringBootTestContextBootstrapper : Found @SpringBootConfiguration com.quiz.famousquotequizbackend.FamousQuoteQuizBackendApplication for test class com.quiz.famousquotequizbackend.quiz.QuizFlowIntegrationTest
2026-08-13T21:58:19.769+05:30  INFO 51294 --- [famous-quote-quiz-backend] [    Test worker] t.c.s.AnnotationConfigContextLoaderUtils : Could not detect default configuration classes for test class [com.quiz.famousquotequizbackend.quiz.QuizFlowIntegrationTest]: QuizFlowIntegrationTest does not declare any static, non-private, non-final, nested classes annotated with @Configuration.
2026-08-13T21:58:19.770+05:30  INFO 51294 --- [famous-quote-quiz-backend] [    Test worker] .b.t.c.SpringBootTestContextBootstrapper : Found @SpringBootConfiguration com.quiz.famousquotequizbackend.FamousQuoteQuizBackendApplication for test class com.quiz.famousquotequizbackend.quiz.QuizFlowIntegrationTest
]]></system-out>
  <system-err><![CDATA[]]></system-err>
</testsuite>
